Determining if the pthread_create exist failed with the following output:
Change Dir: /home/damien/Documents/projet_c/projet_c++_client/CMakeFiles/CMakeTmp

Run Build Command:"/usr/bin/make" "cmTC_788ef/fast"
/usr/bin/make -f CMakeFiles/cmTC_788ef.dir/build.make CMakeFiles/cmTC_788ef.dir/build
make[1] : on entre dans le répertoire « /home/damien/Documents/projet_c/projet_c++_client/CMakeFiles/CMakeTmp »
Building C object CMakeFiles/cmTC_788ef.dir/CheckSymbolExists.c.o
/usr/bin/cc    -o CMakeFiles/cmTC_788ef.dir/CheckSymbolExists.c.o   -c /home/damien/Documents/projet_c/projet_c++_client/CMakeFiles/CMakeTmp/CheckSymbolExists.c
Linking C executable cmTC_788ef
/home/damien/Téléchargements/CLion-2017.2.3/clion-2017.2.3/bin/cmake/bin/cmake -E cmake_link_script CMakeFiles/cmTC_788ef.dir/link.txt --verbose=1
/usr/bin/cc      CMakeFiles/cmTC_788ef.dir/CheckSymbolExists.c.o  -o cmTC_788ef 
CMakeFiles/cmTC_788ef.dir/CheckSymbolExists.c.o : Dans la fonction « main » :
CheckSymbolExists.c:(.text+0x1b) : référence indéfinie vers « pthread_create »
collect2: error: ld returned 1 exit status
CMakeFiles/cmTC_788ef.dir/build.make:97 : la recette pour la cible « cmTC_788ef » a échouée
make[1]: *** [cmTC_788ef] Erreur 1
make[1] : on quitte le répertoire « /home/damien/Documents/projet_c/projet_c++_client/CMakeFiles/CMakeTmp »
Makefile:126 : la recette pour la cible « cmTC_788ef/fast » a échouée
make: *** [cmTC_788ef/fast] Erreur 2

File /home/damien/Documents/projet_c/projet_c++_client/CMakeFiles/CMakeTmp/CheckSymbolExists.c:
/* */
#include <pthread.h>

int main(int argc, char** argv)
{
  (void)argv;
#ifndef pthread_create
  return ((int*)(&pthread_create))[argc];
#else
  (void)argc;
  return 0;
#endif
}

Determining if the function pthread_create exists in the pthreads failed with the following output:
Change Dir: /home/damien/Documents/projet_c/projet_c++_client/CMakeFiles/CMakeTmp

Run Build Command:"/usr/bin/make" "cmTC_2d001/fast"
/usr/bin/make -f CMakeFiles/cmTC_2d001.dir/build.make CMakeFiles/cmTC_2d001.dir/build
make[1] : on entre dans le répertoire « /home/damien/Documents/projet_c/projet_c++_client/CMakeFiles/CMakeTmp »
Building C object CMakeFiles/cmTC_2d001.dir/CheckFunctionExists.c.o
/usr/bin/cc   -DCHECK_FUNCTION_EXISTS=pthread_create   -o CMakeFiles/cmTC_2d001.dir/CheckFunctionExists.c.o   -c /home/damien/Téléchargements/CLion-2017.2.3/clion-2017.2.3/bin/cmake/share/cmake-3.8/Modules/CheckFunctionExists.c
Linking C executable cmTC_2d001
/home/damien/Téléchargements/CLion-2017.2.3/clion-2017.2.3/bin/cmake/bin/cmake -E cmake_link_script CMakeFiles/cmTC_2d001.dir/link.txt --verbose=1
/usr/bin/cc  -DCHECK_FUNCTION_EXISTS=pthread_create    CMakeFiles/cmTC_2d001.dir/CheckFunctionExists.c.o  -o cmTC_2d001 -lpthreads 
/usr/bin/ld : ne peut trouver -lpthreads
collect2: error: ld returned 1 exit status
CMakeFiles/cmTC_2d001.dir/build.make:97 : la recette pour la cible « cmTC_2d001 » a échouée
make[1]: *** [cmTC_2d001] Erreur 1
make[1] : on quitte le répertoire « /home/damien/Documents/projet_c/projet_c++_client/CMakeFiles/CMakeTmp »
Makefile:126 : la recette pour la cible « cmTC_2d001/fast » a échouée
make: *** [cmTC_2d001/fast] Erreur 2


